#-----------------------------------------------------------
# Vivado v2019.2 (64-bit)
# SW Build 2708876 on Wed Nov  6 21:39:14 MST 2019
# IP Build 2700528 on Thu Nov  7 00:09:20 MST 2019
# Start of session at: Thu Feb 10 10:47:17 2022
# Process ID: 40611
# Current directory: /home/manuela/Documentos/proyecto2/ProyectoDigitalII
# Command line: vivado
# Log file: /home/manuela/Documentos/proyecto2/ProyectoDigitalII/vivado.log
# Journal file: /home/manuela/Documentos/proyecto2/ProyectoDigitalII/vivado.jou
#-----------------------------------------------------------
start_gui
WARNING: [Board 49-26] cannot add Board Part digilentinc.com:genesys2:part0:1.1 available at /tools/Xilinx/Vivado/2019.2/data/boards/board_files/old/board_parts/kintex7/genesys2/H/board_part.xml as part xc7k325tffg900-2 specified in board_part file is either invalid or not available
WARNING: [Board 49-26] cannot add Board Part digilentinc.com:sword:part0:1.0 available at /tools/Xilinx/Vivado/2019.2/data/boards/board_files/new/board_files/sword/C.0/board.xml as part xc7k325tffg900-2 specified in board_part file is either invalid or not available
WARNING: [Board 49-26] cannot add Board Part digilentinc.com:genesys2:part0:1.1 available at /tools/Xilinx/Vivado/2019.2/data/boards/board_files/old/board_parts/kintex7/genesys2/H/board_part.xml as part xc7k325tffg900-2 specified in board_part file is either invalid or not available
WARNING: [Board 49-26] cannot add Board Part digilentinc.com:sword:part0:1.0 available at /tools/Xilinx/Vivado/2019.2/data/boards/board_files/new/board_files/sword/C.0/board.xml as part xc7k325tffg900-2 specified in board_part file is either invalid or not available
WARNING: [Board 49-26] cannot add Board Part digilentinc.com:genesys2:part0:1.1 available at /tools/Xilinx/Vivado/2019.2/data/boards/board_files/old/board_parts/kintex7/genesys2/H/board_part.xml as part xc7k325tffg900-2 specified in board_part file is either invalid or not available
WARNING: [Board 49-26] cannot add Board Part digilentinc.com:sword:part0:1.0 available at /tools/Xilinx/Vivado/2019.2/data/boards/board_files/new/board_files/sword/C.0/board.xml as part xc7k325tffg900-2 specified in board_part file is either invalid or not available
WARNING: [Board 49-26] cannot add Board Part digilentinc.com:genesys2:part0:1.1 available at /tools/Xilinx/Vivado/2019.2/data/boards/board_files/old/board_parts/kintex7/genesys2/H/board_part.xml as part xc7k325tffg900-2 specified in board_part file is either invalid or not available
WARNING: [Board 49-26] cannot add Board Part digilentinc.com:sword:part0:1.0 available at /tools/Xilinx/Vivado/2019.2/data/boards/board_files/new/board_files/sword/C.0/board.xml as part xc7k325tffg900-2 specified in board_part file is either invalid or not available
WARNING: [Board 49-26] cannot add Board Part digilentinc.com:genesys2:part0:1.1 available at /tools/Xilinx/Vivado/2019.2/data/boards/board_files/old/board_parts/kintex7/genesys2/H/board_part.xml as part xc7k325tffg900-2 specified in board_part file is either invalid or not available
WARNING: [Board 49-26] cannot add Board Part digilentinc.com:sword:part0:1.0 available at /tools/Xilinx/Vivado/2019.2/data/boards/board_files/new/board_files/sword/C.0/board.xml as part xc7k325tffg900-2 specified in board_part file is either invalid or not available
WARNING: [Board 49-26] cannot add Board Part digilentinc.com:genesys2:part0:1.1 available at /tools/Xilinx/Vivado/2019.2/data/boards/board_files/old/board_parts/kintex7/genesys2/H/board_part.xml as part xc7k325tffg900-2 specified in board_part file is either invalid or not available
WARNING: [Board 49-26] cannot add Board Part digilentinc.com:sword:part0:1.0 available at /tools/Xilinx/Vivado/2019.2/data/boards/board_files/new/board_files/sword/C.0/board.xml as part xc7k325tffg900-2 specified in board_part file is either invalid or not available
WARNING: [Board 49-26] cannot add Board Part digilentinc.com:genesys2:part0:1.1 available at /tools/Xilinx/Vivado/2019.2/data/boards/board_files/old/board_parts/kintex7/genesys2/H/board_part.xml as part xc7k325tffg900-2 specified in board_part file is either invalid or not available
WARNING: [Board 49-26] cannot add Board Part digilentinc.com:sword:part0:1.0 available at /tools/Xilinx/Vivado/2019.2/data/boards/board_files/new/board_files/sword/C.0/board.xml as part xc7k325tffg900-2 specified in board_part file is either invalid or not available
WARNING: [Board 49-26] cannot add Board Part digilentinc.com:genesys2:part0:1.1 available at /tools/Xilinx/Vivado/2019.2/data/boards/board_files/old/board_parts/kintex7/genesys2/H/board_part.xml as part xc7k325tffg900-2 specified in board_part file is either invalid or not available
WARNING: [Board 49-26] cannot add Board Part digilentinc.com:sword:part0:1.0 available at /tools/Xilinx/Vivado/2019.2/data/boards/board_files/new/board_files/sword/C.0/board.xml as part xc7k325tffg900-2 specified in board_part file is either invalid or not available
WARNING: [Board 49-26] cannot add Board Part digilentinc.com:genesys2:part0:1.1 available at /tools/Xilinx/Vivado/2019.2/data/boards/board_files/old/board_parts/kintex7/genesys2/H/board_part.xml as part xc7k325tffg900-2 specified in board_part file is either invalid or not available
WARNING: [Board 49-26] cannot add Board Part digilentinc.com:sword:part0:1.0 available at /tools/Xilinx/Vivado/2019.2/data/boards/board_files/new/board_files/sword/C.0/board.xml as part xc7k325tffg900-2 specified in board_part file is either invalid or not available
WARNING: [Board 49-26] cannot add Board Part digilentinc.com:genesys2:part0:1.1 available at /tools/Xilinx/Vivado/2019.2/data/boards/board_files/old/board_parts/kintex7/genesys2/H/board_part.xml as part xc7k325tffg900-2 specified in board_part file is either invalid or not available
WARNING: [Board 49-26] cannot add Board Part digilentinc.com:sword:part0:1.0 available at /tools/Xilinx/Vivado/2019.2/data/boards/board_files/new/board_files/sword/C.0/board.xml as part xc7k325tffg900-2 specified in board_part file is either invalid or not available
WARNING: [Board 49-26] cannot add Board Part digilentinc.com:genesys2:part0:1.1 available at /tools/Xilinx/Vivado/2019.2/data/boards/board_files/old/board_parts/kintex7/genesys2/H/board_part.xml as part xc7k325tffg900-2 specified in board_part file is either invalid or not available
WARNING: [Board 49-26] cannot add Board Part digilentinc.com:sword:part0:1.0 available at /tools/Xilinx/Vivado/2019.2/data/boards/board_files/new/board_files/sword/C.0/board.xml as part xc7k325tffg900-2 specified in board_part file is either invalid or not available
WARNING: [Board 49-26] cannot add Board Part digilentinc.com:genesys2:part0:1.1 available at /tools/Xilinx/Vivado/2019.2/data/boards/board_files/old/board_parts/kintex7/genesys2/H/board_part.xml as part xc7k325tffg900-2 specified in board_part file is either invalid or not available
WARNING: [Board 49-26] cannot add Board Part digilentinc.com:sword:part0:1.0 available at /tools/Xilinx/Vivado/2019.2/data/boards/board_files/new/board_files/sword/C.0/board.xml as part xc7k325tffg900-2 specified in board_part file is either invalid or not available
WARNING: [Board 49-26] cannot add Board Part digilentinc.com:genesys2:part0:1.1 available at /tools/Xilinx/Vivado/2019.2/data/boards/board_files/old/board_parts/kintex7/genesys2/H/board_part.xml as part xc7k325tffg900-2 specified in board_part file is either invalid or not available
WARNING: [Board 49-26] cannot add Board Part digilentinc.com:sword:part0:1.0 available at /tools/Xilinx/Vivado/2019.2/data/boards/board_files/new/board_files/sword/C.0/board.xml as part xc7k325tffg900-2 specified in board_part file is either invalid or not available
WARNING: [Board 49-26] cannot add Board Part digilentinc.com:genesys2:part0:1.1 available at /tools/Xilinx/Vivado/2019.2/data/boards/board_files/old/board_parts/kintex7/genesys2/H/board_part.xml as part xc7k325tffg900-2 specified in board_part file is either invalid or not available
WARNING: [Board 49-26] cannot add Board Part digilentinc.com:sword:part0:1.0 available at /tools/Xilinx/Vivado/2019.2/data/boards/board_files/new/board_files/sword/C.0/board.xml as part xc7k325tffg900-2 specified in board_part file is either invalid or not available
WARNING: [Board 49-26] cannot add Board Part digilentinc.com:genesys2:part0:1.1 available at /tools/Xilinx/Vivado/2019.2/data/boards/board_files/old/board_parts/kintex7/genesys2/H/board_part.xml as part xc7k325tffg900-2 specified in board_part file is either invalid or not available
WARNING: [Board 49-26] cannot add Board Part digilentinc.com:sword:part0:1.0 available at /tools/Xilinx/Vivado/2019.2/data/boards/board_files/new/board_files/sword/C.0/board.xml as part xc7k325tffg900-2 specified in board_part file is either invalid or not available
WARNING: [Board 49-26] cannot add Board Part digilentinc.com:genesys2:part0:1.1 available at /tools/Xilinx/Vivado/2019.2/data/boards/board_files/old/board_parts/kintex7/genesys2/H/board_part.xml as part xc7k325tffg900-2 specified in board_part file is either invalid or not available
WARNING: [Board 49-26] cannot add Board Part digilentinc.com:sword:part0:1.0 available at /tools/Xilinx/Vivado/2019.2/data/boards/board_files/new/board_files/sword/C.0/board.xml as part xc7k325tffg900-2 specified in board_part file is either invalid or not available
create_project ultrasonido /home/manuela/Documentos/ultrasonido -part xc7a100tcsg324-1
INFO: [IP_Flow 19-234] Refreshing IP repositories
INFO: [IP_Flow 19-1704] No user IP repositories specified
INFO: [IP_Flow 19-2313] Loaded Vivado IP repository '/tools/Xilinx/Vivado/2019.2/data/ip'.
create_project: Time (s): cpu = 00:00:16 ; elapsed = 00:00:05 . Memory (MB): peak = 6551.117 ; gain = 53.605 ; free physical = 606 ; free virtual = 4442
add_files -norecurse {/home/manuela/Documentos/proyecto2/ProyectoDigitalII/module/verilog/Ultrasonido/meultrasonido.v /home/manuela/Documentos/proyecto2/ProyectoDigitalII/module/verilog/Ultrasonido/divisorfrec.v /home/manuela/Documentos/proyecto2/ProyectoDigitalII/module/verilog/Ultrasonido/bloqueultrasonido_TB.v /home/manuela/Documentos/proyecto2/ProyectoDigitalII/module/verilog/Ultrasonido/ultrasonido.v /home/manuela/Documentos/proyecto2/ProyectoDigitalII/module/verilog/Ultrasonido/divisorfrecgen.v /home/manuela/Documentos/proyecto2/ProyectoDigitalII/module/verilog/Ultrasonido/divisorfrecme.v /home/manuela/Documentos/proyecto2/ProyectoDigitalII/module/verilog/Ultrasonido/bloqueultrasonido.v /home/manuela/Documentos/proyecto2/ProyectoDigitalII/module/verilog/Ultrasonido/divisor.v /home/manuela/Documentos/proyecto2/ProyectoDigitalII/module/verilog/Ultrasonido/maquinadeestados.v /home/manuela/Documentos/proyecto2/ProyectoDigitalII/module/verilog/Ultrasonido/contador.v /home/manuela/Documentos/proyecto2/ProyectoDigitalII/module/verilog/Ultrasonido/divisorfrecd.v /home/manuela/Documentos/proyecto2/ProyectoDigitalII/module/verilog/Ultrasonido/genpulsos.v}
import_files -force -norecurse
INFO: [filemgmt 20-348] Importing the appropriate files for fileset: 'sources_1'
import_files -fileset constrs_1 -force -norecurse /home/manuela/Documentos/Proyectos/LED_flash/xdc/Nexys-A7-100T-Master.xdc
update_compile_order -fileset sources_1
update_compile_order -fileset sources_1
export_ip_user_files -of_objects  [get_files /home/manuela/Documentos/ultrasonido/ultrasonido.srcs/sources_1/imports/Ultrasonido/bloqueultrasonido_TB.v] -no_script -reset -force -quiet
remove_files  /home/manuela/Documentos/ultrasonido/ultrasonido.srcs/sources_1/imports/Ultrasonido/bloqueultrasonido_TB.v
update_compile_order -fileset sources_1
launch_runs synth_1 -jobs 4
[Thu Feb 10 11:06:44 2022] Launched synth_1...
Run output will be captured here: /home/manuela/Documentos/ultrasonido/ultrasonido.runs/synth_1/runme.log
launch_runs impl_1 -to_step write_bitstream -jobs 4
[Thu Feb 10 11:08:01 2022] Launched impl_1...
Run output will be captured here: /home/manuela/Documentos/ultrasonido/ultrasonido.runs/impl_1/runme.log
open_hw_manager
connect_hw_server -allow_non_jtag
INFO: [Labtools 27-2285] Connecting to hw_server url TCP:localhost:3121
INFO: [Labtools 27-2222] Launching hw_server...
INFO: [Labtools 27-2221] Launch Output:

****** Xilinx hw_server v2019.2
  **** Build date : Nov  6 2019 at 22:13:42
    ** Copyright 1986-2019 Xilinx, Inc. All Rights Reserved.


INFO: [Labtools 27-3415] Connecting to cs_server url TCP:localhost:3042
INFO: [Labtools 27-3417] Launching cs_server...
INFO: [Labtools 27-2221] Launch Output:


****** Xilinx cs_server v2019.2.0
  **** Build date : Nov 07 2019-00:41:48
    ** Copyright 2017-2019 Xilinx, Inc. All Rights Reserved.



open_hw_target
INFO: [Labtoolstcl 44-466] Opening hw_target localhost:3121/xilinx_tcf/Digilent/210292AA78C6A
set_property PROGRAM.FILE {/home/manuela/Documentos/ultrasonido/ultrasonido.runs/impl_1/bloqueultrasonido.bit} [get_hw_devices xc7a100t_0]
current_hw_device [get_hw_devices xc7a100t_0]
refresh_hw_device -update_hw_probes false [lindex [get_hw_devices xc7a100t_0] 0]
INFO: [Labtools 27-1435] Device xc7a100t (JTAG device index = 0) is not programmed (DONE status = 0).
set_property PROBES.FILE {} [get_hw_devices xc7a100t_0]
set_property FULL_PROBES.FILE {} [get_hw_devices xc7a100t_0]
set_property PROGRAM.FILE {/home/manuela/Documentos/ultrasonido/ultrasonido.runs/impl_1/bloqueultrasonido.bit} [get_hw_devices xc7a100t_0]
program_hw_devices [get_hw_devices xc7a100t_0]
INFO: [Labtools 27-3164] End of startup status: HIGH
refresh_hw_device [lindex [get_hw_devices xc7a100t_0] 0]
INFO: [Labtools 27-1434] Device xc7a100t (JTAG device index = 0) is programmed with a design that has no supported debug core(s) in it.
exit
INFO: [Common 17-206] Exiting Vivado at Thu Feb 10 11:12:30 2022...
