Copyright 1986-2019 Xilinx, Inc. All Rights Reserved.
--------------------------------------------------------------------------------------
| Tool Version : Vivado v.2019.2 (lin64) Build 2708876 Wed Nov  6 21:39:14 MST 2019
| Date         : Wed Feb  9 14:46:24 2022
| Host         : manuela-ZenBook-UX431DA-UM431DA running 64-bit Ubuntu 20.04.3 LTS
| Command      : report_control_sets -verbose -file BloquePWM_control_sets_placed.rpt
| Design       : BloquePWM
| Device       : xc7a100t
--------------------------------------------------------------------------------------

Control Set Information

Table of Contents
-----------------
1. Summary
2. Histogram
3. Flip-Flop Distribution
4. Detailed Control Set Information

1. Summary
----------

+----------------------------------------------------------+-------+
|                          Status                          | Count |
+----------------------------------------------------------+-------+
| Total control sets                                       |     5 |
|    Minimum number of control sets                        |     5 |
|    Addition due to synthesis replication                 |     0 |
|    Addition due to physical synthesis replication        |     0 |
| Unused register locations in slices containing registers |    24 |
+----------------------------------------------------------+-------+
* Control sets can be merged at opt_design using control_set_merge or merge_equivalent_drivers
** Run report_qor_suggestions for automated merging and remapping suggestions


2. Histogram
------------

+--------------------+-------+
|       Fanout       | Count |
+--------------------+-------+
| Total control sets |     5 |
| >= 0 to < 4        |     1 |
| >= 4 to < 6        |     2 |
| >= 6 to < 8        |     0 |
| >= 8 to < 10       |     0 |
| >= 10 to < 12      |     1 |
| >= 12 to < 14      |     1 |
| >= 14 to < 16      |     0 |
| >= 16              |     0 |
+--------------------+-------+
* Control sets can be remapped at either synth_design or opt_design


3. Flip-Flop Distribution
-------------------------

+--------------+-----------------------+------------------------+-----------------+--------------+
| Clock Enable | Synchronous Set/Reset | Asynchronous Set/Reset | Total Registers | Total Slices |
+--------------+-----------------------+------------------------+-----------------+--------------+
| No           | No                    | No                     |               8 |            4 |
| No           | No                    | Yes                    |               0 |            0 |
| No           | Yes                   | No                     |              23 |            6 |
| Yes          | No                    | No                     |               1 |            1 |
| Yes          | No                    | Yes                    |               0 |            0 |
| Yes          | Yes                   | No                     |               0 |            0 |
+--------------+-----------------------+------------------------+-----------------+--------------+


4. Detailed Control Set Information
-----------------------------------

+------------------+---------------------------+---------------------------+------------------+----------------+
|   Clock Signal   |       Enable Signal       |      Set/Reset Signal     | Slice Load Count | Bel Load Count |
+------------------+---------------------------+---------------------------+------------------+----------------+
|  DivisorF/clkout | MaquinaEstadosPWM1/ENABLE |                           |                1 |              1 |
|  clk_IBUF_BUFG   |                           |                           |                3 |              4 |
|  DivisorF/clkout |                           |                           |                1 |              4 |
|  DivisorF/clkout |                           | pwm1/contador[10]_i_1_n_0 |                3 |             11 |
|  clk_IBUF_BUFG   |                           | DivisorF/clkout_0         |                3 |             12 |
+------------------+---------------------------+---------------------------+------------------+----------------+


